<?xml version="1.0" encoding="UTF-8"?>
<robot generator="Robot 6.1.1 (Python 3.11.6 on win32)" generated="20231122 02:14:00.052" rpa="false" schemaversion="4">
<suite id="s1" name="Web Test" source="c:\Users\User\Documents\DES424_Project-2\web_test.robot">
<test id="s1-t1" name="1.Open Browser" line="16">
<kw name="Open Browser" library="SeleniumLibrary">
<arg>${url}</arg>
<arg>${browser}</arg>
<doc>Opens a new browser instance to the optional ``url``.</doc>
<msg timestamp="20231122 02:14:02.236" level="INFO">Opening browser 'chrome' to base url 'http://127.0.0.1:5500/index.html'.</msg>
<status status="PASS" starttime="20231122 02:14:02.230" endtime="20231122 02:14:11.869"/>
</kw>
<kw name="Set Selenium Speed" library="SeleniumLibrary">
<arg>1</arg>
<doc>Sets the delay that is waited after each Selenium command.</doc>
<status status="PASS" starttime="20231122 02:14:11.877" endtime="20231122 02:14:11.881"/>
</kw>
<status status="PASS" starttime="20231122 02:14:02.223" endtime="20231122 02:14:11.885"/>
</test>
<test id="s1-t2" name="2.choose table" line="20">
<kw name="Click Element" library="SeleniumLibrary">
<arg>xpath:/html/body/div[1]/header/form/select</arg>
<doc>Click the element identified by ``locator``.</doc>
<msg timestamp="20231122 02:14:11.918" level="INFO">Clicking element 'xpath:/html/body/div[1]/header/form/select'.</msg>
<status status="PASS" starttime="20231122 02:14:11.905" endtime="20231122 02:14:14.255"/>
</kw>
<kw name="Click Element" library="SeleniumLibrary">
<arg>xpath:/html/body/div[1]/header/form/select/option[3]</arg>
<doc>Click the element identified by ``locator``.</doc>
<msg timestamp="20231122 02:14:14.279" level="INFO">Clicking element 'xpath:/html/body/div[1]/header/form/select/option[3]'.</msg>
<status status="PASS" starttime="20231122 02:14:14.263" endtime="20231122 02:14:16.499"/>
</kw>
<status status="PASS" starttime="20231122 02:14:11.896" endtime="20231122 02:14:16.499"/>
</test>
<test id="s1-t3" name="3.click menu bar : Food" line="24">
<kw name="Click Element" library="SeleniumLibrary">
<arg>xpath:/html/body/div[1]/div[1]/a[1]</arg>
<doc>Click the element identified by ``locator``.</doc>
<msg timestamp="20231122 02:14:16.549" level="INFO">Clicking element 'xpath:/html/body/div[1]/div[1]/a[1]'.</msg>
<status status="PASS" starttime="20231122 02:14:16.531" endtime="20231122 02:14:18.910"/>
</kw>
<status status="PASS" starttime="20231122 02:14:16.513" endtime="20231122 02:14:18.916"/>
</test>
<test id="s1-t4" name="4.Check first food name" line="27">
<kw name="Get Text" library="SeleniumLibrary">
<var>${result1}</var>
<arg>xpath=/html/body/div[1]/div[2]/div[1]/h2</arg>
<doc>Returns the text value of the element identified by ``locator``.</doc>
<msg timestamp="20231122 02:14:21.095" level="INFO">${result1} = Kebab</msg>
<status status="PASS" starttime="20231122 02:14:18.936" endtime="20231122 02:14:21.095"/>
</kw>
<kw name="Log To Console" library="BuiltIn">
<arg>${result1}</arg>
<doc>Logs the given message to the console.</doc>
<status status="PASS" starttime="20231122 02:14:21.099" endtime="20231122 02:14:21.116"/>
</kw>
<kw name="Should Contain" library="BuiltIn">
<arg>${result1}</arg>
<arg>${EXPECT1}</arg>
<doc>Fails if ``container`` does not contain ``item`` one or more times.</doc>
<status status="PASS" starttime="20231122 02:14:21.116" endtime="20231122 02:14:21.135"/>
</kw>
<status status="PASS" starttime="20231122 02:14:18.931" endtime="20231122 02:14:21.142"/>
</test>
<test id="s1-t5" name="5.Add menu 1 and 2" line="32">
<kw name="Click Element" library="SeleniumLibrary">
<arg>xpath:/html/body/div[1]/div[2]/div[1]/button</arg>
<doc>Click the element identified by ``locator``.</doc>
<msg timestamp="20231122 02:14:21.196" level="INFO">Clicking element 'xpath:/html/body/div[1]/div[2]/div[1]/button'.</msg>
<status status="PASS" starttime="20231122 02:14:21.177" endtime="20231122 02:14:23.417"/>
</kw>
<kw name="Click Element" library="SeleniumLibrary">
<arg>xpath:/html/body/div[1]/div[2]/div[2]/button</arg>
<doc>Click the element identified by ``locator``.</doc>
<msg timestamp="20231122 02:14:23.434" level="INFO">Clicking element 'xpath:/html/body/div[1]/div[2]/div[2]/button'.</msg>
<status status="PASS" starttime="20231122 02:14:23.419" endtime="20231122 02:14:25.583"/>
</kw>
<status status="PASS" starttime="20231122 02:14:21.156" endtime="20231122 02:14:25.586"/>
</test>
<test id="s1-t6" name="6.click menu bar : Drinks" line="36">
<kw name="Click Element" library="SeleniumLibrary">
<arg>xpath:/html/body/div[1]/div[1]/a[2]</arg>
<doc>Click the element identified by ``locator``.</doc>
<msg timestamp="20231122 02:14:25.616" level="INFO">Clicking element 'xpath:/html/body/div[1]/div[1]/a[2]'.</msg>
<status status="PASS" starttime="20231122 02:14:25.603" endtime="20231122 02:14:27.883"/>
</kw>
<status status="PASS" starttime="20231122 02:14:25.596" endtime="20231122 02:14:27.890"/>
</test>
<test id="s1-t7" name="7.Check first drink name" line="39">
<kw name="Get Text" library="SeleniumLibrary">
<var>${result2}</var>
<arg>xpath=/html/body/div[1]/div[2]/div/h2</arg>
<doc>Returns the text value of the element identified by ``locator``.</doc>
<msg timestamp="20231122 02:14:30.051" level="INFO">${result2} = Orange juice</msg>
<status status="PASS" starttime="20231122 02:14:27.924" endtime="20231122 02:14:30.054"/>
</kw>
<kw name="Log To Console" library="BuiltIn">
<arg>${result2}</arg>
<doc>Logs the given message to the console.</doc>
<status status="PASS" starttime="20231122 02:14:30.060" endtime="20231122 02:14:30.071"/>
</kw>
<kw name="Should Contain" library="BuiltIn">
<arg>${result2}</arg>
<arg>${EXPECT2}</arg>
<doc>Fails if ``container`` does not contain ``item`` one or more times.</doc>
<status status="PASS" starttime="20231122 02:14:30.075" endtime="20231122 02:14:30.089"/>
</kw>
<status status="PASS" starttime="20231122 02:14:27.905" endtime="20231122 02:14:30.098"/>
</test>
<test id="s1-t8" name="8.Add menu 1" line="44">
<kw name="Click Element" library="SeleniumLibrary">
<arg>xpath:/html/body/div[1]/div[2]/div[1]/button</arg>
<doc>Click the element identified by ``locator``.</doc>
<msg timestamp="20231122 02:14:30.152" level="INFO">Clicking element 'xpath:/html/body/div[1]/div[2]/div[1]/button'.</msg>
<status status="PASS" starttime="20231122 02:14:30.139" endtime="20231122 02:14:32.350"/>
</kw>
<status status="PASS" starttime="20231122 02:14:30.127" endtime="20231122 02:14:32.358"/>
</test>
<test id="s1-t9" name="9.click menu bar : Desserts" line="47">
<kw name="Click Element" library="SeleniumLibrary">
<arg>xpath:/html/body/div[1]/div[1]/a[3]</arg>
<doc>Click the element identified by ``locator``.</doc>
<msg timestamp="20231122 02:14:32.398" level="INFO">Clicking element 'xpath:/html/body/div[1]/div[1]/a[3]'.</msg>
<status status="PASS" starttime="20231122 02:14:32.384" endtime="20231122 02:14:34.585"/>
</kw>
<status status="PASS" starttime="20231122 02:14:32.376" endtime="20231122 02:14:34.594"/>
</test>
<test id="s1-t10" name="10.Check first dessert name" line="50">
<kw name="Get Text" library="SeleniumLibrary">
<var>${result3}</var>
<arg>xpath=/html/body/div[1]/div[2]/div[1]/h2</arg>
<doc>Returns the text value of the element identified by ``locator``.</doc>
<msg timestamp="20231122 02:14:36.734" level="INFO">${result3} = Cheese cake</msg>
<status status="PASS" starttime="20231122 02:14:34.627" endtime="20231122 02:14:36.735"/>
</kw>
<kw name="Log To Console" library="BuiltIn">
<arg>${result3}</arg>
<doc>Logs the given message to the console.</doc>
<status status="PASS" starttime="20231122 02:14:36.737" endtime="20231122 02:14:36.741"/>
</kw>
<kw name="Should Contain" library="BuiltIn">
<arg>${result3}</arg>
<arg>${EXPECT3}</arg>
<doc>Fails if ``container`` does not contain ``item`` one or more times.</doc>
<status status="PASS" starttime="20231122 02:14:36.744" endtime="20231122 02:14:36.748"/>
</kw>
<status status="PASS" starttime="20231122 02:14:34.618" endtime="20231122 02:14:36.751"/>
</test>
<test id="s1-t11" name="11.Add menu 1 and 2" line="55">
<kw name="Click Element" library="SeleniumLibrary">
<arg>xpath:/html/body/div[1]/div[2]/div[1]/button</arg>
<doc>Click the element identified by ``locator``.</doc>
<msg timestamp="20231122 02:14:36.770" level="INFO">Clicking element 'xpath:/html/body/div[1]/div[2]/div[1]/button'.</msg>
<status status="PASS" starttime="20231122 02:14:36.764" endtime="20231122 02:14:38.859"/>
</kw>
<kw name="Click Element" library="SeleniumLibrary">
<arg>xpath:/html/body/div[1]/div[2]/div[2]/button</arg>
<doc>Click the element identified by ``locator``.</doc>
<msg timestamp="20231122 02:14:38.882" level="INFO">Clicking element 'xpath:/html/body/div[1]/div[2]/div[2]/button'.</msg>
<status status="PASS" starttime="20231122 02:14:38.867" endtime="20231122 02:14:41.017"/>
</kw>
<status status="PASS" starttime="20231122 02:14:36.758" endtime="20231122 02:14:41.018"/>
</test>
<test id="s1-t12" name="12.Go to cart list" line="59">
<kw name="Click Element" library="SeleniumLibrary">
<arg>xpath:/html/body/div[1]/header/div[2]</arg>
<doc>Click the element identified by ``locator``.</doc>
<msg timestamp="20231122 02:14:41.064" level="INFO">Clicking element 'xpath:/html/body/div[1]/header/div[2]'.</msg>
<status status="PASS" starttime="20231122 02:14:41.054" endtime="20231122 02:14:43.292"/>
</kw>
<status status="PASS" starttime="20231122 02:14:41.038" endtime="20231122 02:14:43.300"/>
</test>
<test id="s1-t13" name="13.Check added menu names in cart" line="62">
<for flavor="IN">
<var>${expected}</var>
<value>@{expected_values}</value>
<iter>
<var name="${expected}">Kebab</var>
<kw name="Set Variable" library="BuiltIn">
<var>${xpath}</var>
<arg>xpath=/html/body/div[2]/div</arg>
<doc>Returns the given values which can then be assigned to a variables.</doc>
<msg timestamp="20231122 02:14:43.353" level="INFO">${xpath} = xpath=/html/body/div[2]/div</msg>
<status status="PASS" starttime="20231122 02:14:43.349" endtime="20231122 02:14:43.361"/>
</kw>
<kw name="Get Text" library="SeleniumLibrary">
<var>${result4}</var>
<arg>${xpath}</arg>
<doc>Returns the text value of the element identified by ``locator``.</doc>
<msg timestamp="20231122 02:14:45.513" level="INFO">${result4} = Kebab
$200
&lt; 1 &gt;
Fried rice
$290
&lt; 1 &gt;
Orange juice
$300
&lt; 1 &gt;
Cheese cake
$250
&lt; 1 &gt;
Oreo Ice cream
$200
&lt; 1 &gt;</msg>
<status status="PASS" starttime="20231122 02:14:43.370" endtime="20231122 02:14:45.518"/>
</kw>
<kw name="Log To Console" library="BuiltIn">
<arg>${result4}</arg>
<doc>Logs the given message to the console.</doc>
<status status="PASS" starttime="20231122 02:14:45.522" endtime="20231122 02:14:45.558"/>
</kw>
<kw name="Should Contain" library="BuiltIn">
<arg>${result4}</arg>
<arg>${expected}</arg>
<doc>Fails if ``container`` does not contain ``item`` one or more times.</doc>
<status status="PASS" starttime="20231122 02:14:45.558" endtime="20231122 02:14:45.575"/>
</kw>
<status status="PASS" starttime="20231122 02:14:43.337" endtime="20231122 02:14:45.576"/>
</iter>
<iter>
<var name="${expected}">Fried rice</var>
<kw name="Set Variable" library="BuiltIn">
<var>${xpath}</var>
<arg>xpath=/html/body/div[2]/div</arg>
<doc>Returns the given values which can then be assigned to a variables.</doc>
<msg timestamp="20231122 02:14:45.606" level="INFO">${xpath} = xpath=/html/body/div[2]/div</msg>
<status status="PASS" starttime="20231122 02:14:45.591" endtime="20231122 02:14:45.607"/>
</kw>
<kw name="Get Text" library="SeleniumLibrary">
<var>${result4}</var>
<arg>${xpath}</arg>
<doc>Returns the text value of the element identified by ``locator``.</doc>
<msg timestamp="20231122 02:14:47.764" level="INFO">${result4} = Kebab
$200
&lt; 1 &gt;
Fried rice
$290
&lt; 1 &gt;
Orange juice
$300
&lt; 1 &gt;
Cheese cake
$250
&lt; 1 &gt;
Oreo Ice cream
$200
&lt; 1 &gt;</msg>
<status status="PASS" starttime="20231122 02:14:45.612" endtime="20231122 02:14:47.764"/>
</kw>
<kw name="Log To Console" library="BuiltIn">
<arg>${result4}</arg>
<doc>Logs the given message to the console.</doc>
<status status="PASS" starttime="20231122 02:14:47.770" endtime="20231122 02:14:47.791"/>
</kw>
<kw name="Should Contain" library="BuiltIn">
<arg>${result4}</arg>
<arg>${expected}</arg>
<doc>Fails if ``container`` does not contain ``item`` one or more times.</doc>
<status status="PASS" starttime="20231122 02:14:47.796" endtime="20231122 02:14:47.810"/>
</kw>
<status status="PASS" starttime="20231122 02:14:45.587" endtime="20231122 02:14:47.810"/>
</iter>
<iter>
<var name="${expected}">Orange juice</var>
<kw name="Set Variable" library="BuiltIn">
<var>${xpath}</var>
<arg>xpath=/html/body/div[2]/div</arg>
<doc>Returns the given values which can then be assigned to a variables.</doc>
<msg timestamp="20231122 02:14:47.839" level="INFO">${xpath} = xpath=/html/body/div[2]/div</msg>
<status status="PASS" starttime="20231122 02:14:47.829" endtime="20231122 02:14:47.839"/>
</kw>
<kw name="Get Text" library="SeleniumLibrary">
<var>${result4}</var>
<arg>${xpath}</arg>
<doc>Returns the text value of the element identified by ``locator``.</doc>
<msg timestamp="20231122 02:14:49.979" level="INFO">${result4} = Kebab
$200
&lt; 1 &gt;
Fried rice
$290
&lt; 1 &gt;
Orange juice
$300
&lt; 1 &gt;
Cheese cake
$250
&lt; 1 &gt;
Oreo Ice cream
$200
&lt; 1 &gt;</msg>
<status status="PASS" starttime="20231122 02:14:47.850" endtime="20231122 02:14:49.979"/>
</kw>
<kw name="Log To Console" library="BuiltIn">
<arg>${result4}</arg>
<doc>Logs the given message to the console.</doc>
<status status="PASS" starttime="20231122 02:14:49.979" endtime="20231122 02:14:50.003"/>
</kw>
<kw name="Should Contain" library="BuiltIn">
<arg>${result4}</arg>
<arg>${expected}</arg>
<doc>Fails if ``container`` does not contain ``item`` one or more times.</doc>
<status status="PASS" starttime="20231122 02:14:50.005" endtime="20231122 02:14:50.005"/>
</kw>
<status status="PASS" starttime="20231122 02:14:47.822" endtime="20231122 02:14:50.015"/>
</iter>
<iter>
<var name="${expected}">Cheese cake</var>
<kw name="Set Variable" library="BuiltIn">
<var>${xpath}</var>
<arg>xpath=/html/body/div[2]/div</arg>
<doc>Returns the given values which can then be assigned to a variables.</doc>
<msg timestamp="20231122 02:14:50.036" level="INFO">${xpath} = xpath=/html/body/div[2]/div</msg>
<status status="PASS" starttime="20231122 02:14:50.023" endtime="20231122 02:14:50.041"/>
</kw>
<kw name="Get Text" library="SeleniumLibrary">
<var>${result4}</var>
<arg>${xpath}</arg>
<doc>Returns the text value of the element identified by ``locator``.</doc>
<msg timestamp="20231122 02:14:52.150" level="INFO">${result4} = Kebab
$200
&lt; 1 &gt;
Fried rice
$290
&lt; 1 &gt;
Orange juice
$300
&lt; 1 &gt;
Cheese cake
$250
&lt; 1 &gt;
Oreo Ice cream
$200
&lt; 1 &gt;</msg>
<status status="PASS" starttime="20231122 02:14:50.043" endtime="20231122 02:14:52.153"/>
</kw>
<kw name="Log To Console" library="BuiltIn">
<arg>${result4}</arg>
<doc>Logs the given message to the console.</doc>
<status status="PASS" starttime="20231122 02:14:52.158" endtime="20231122 02:14:52.174"/>
</kw>
<kw name="Should Contain" library="BuiltIn">
<arg>${result4}</arg>
<arg>${expected}</arg>
<doc>Fails if ``container`` does not contain ``item`` one or more times.</doc>
<status status="PASS" starttime="20231122 02:14:52.175" endtime="20231122 02:14:52.192"/>
</kw>
<status status="PASS" starttime="20231122 02:14:50.023" endtime="20231122 02:14:52.195"/>
</iter>
<iter>
<var name="${expected}">Oreo Ice cream</var>
<kw name="Set Variable" library="BuiltIn">
<var>${xpath}</var>
<arg>xpath=/html/body/div[2]/div</arg>
<doc>Returns the given values which can then be assigned to a variables.</doc>
<msg timestamp="20231122 02:14:52.217" level="INFO">${xpath} = xpath=/html/body/div[2]/div</msg>
<status status="PASS" starttime="20231122 02:14:52.208" endtime="20231122 02:14:52.221"/>
</kw>
<kw name="Get Text" library="SeleniumLibrary">
<var>${result4}</var>
<arg>${xpath}</arg>
<doc>Returns the text value of the element identified by ``locator``.</doc>
<msg timestamp="20231122 02:14:54.349" level="INFO">${result4} = Kebab
$200
&lt; 1 &gt;
Fried rice
$290
&lt; 1 &gt;
Orange juice
$300
&lt; 1 &gt;
Cheese cake
$250
&lt; 1 &gt;
Oreo Ice cream
$200
&lt; 1 &gt;</msg>
<status status="PASS" starttime="20231122 02:14:52.226" endtime="20231122 02:14:54.349"/>
</kw>
<kw name="Log To Console" library="BuiltIn">
<arg>${result4}</arg>
<doc>Logs the given message to the console.</doc>
<status status="PASS" starttime="20231122 02:14:54.355" endtime="20231122 02:14:54.374"/>
</kw>
<kw name="Should Contain" library="BuiltIn">
<arg>${result4}</arg>
<arg>${expected}</arg>
<doc>Fails if ``container`` does not contain ``item`` one or more times.</doc>
<status status="PASS" starttime="20231122 02:14:54.375" endtime="20231122 02:14:54.375"/>
</kw>
<status status="PASS" starttime="20231122 02:14:52.195" endtime="20231122 02:14:54.383"/>
</iter>
<status status="PASS" starttime="20231122 02:14:43.330" endtime="20231122 02:14:54.392"/>
</for>
<status status="PASS" starttime="20231122 02:14:43.310" endtime="20231122 02:14:54.401"/>
</test>
<test id="s1-t14" name="14.Add quantity of the firt item in cart" line="70">
<kw name="Click Element" library="SeleniumLibrary">
<arg>xpath:/html/body/div[2]/div[1]/div[1]/div[4]/span[3]</arg>
<doc>Click the element identified by ``locator``.</doc>
<msg timestamp="20231122 02:14:54.442" level="INFO">Clicking element 'xpath:/html/body/div[2]/div[1]/div[1]/div[4]/span[3]'.</msg>
<status status="PASS" starttime="20231122 02:14:54.430" endtime="20231122 02:14:56.692"/>
</kw>
<status status="PASS" starttime="20231122 02:14:54.415" endtime="20231122 02:14:56.695"/>
</test>
<test id="s1-t15" name="15.Check quantity of the first item in cart" line="73">
<kw name="Get Text" library="SeleniumLibrary">
<var>${result5}</var>
<arg>xpath=/html/body/div[2]/div[1]/div/div[4]/span[2]</arg>
<doc>Returns the text value of the element identified by ``locator``.</doc>
<msg timestamp="20231122 02:14:58.864" level="INFO">${result5} = 2</msg>
<status status="PASS" starttime="20231122 02:14:56.730" endtime="20231122 02:14:58.864"/>
</kw>
<kw name="Log To Console" library="BuiltIn">
<arg>${result5}</arg>
<doc>Logs the given message to the console.</doc>
<status status="PASS" starttime="20231122 02:14:58.864" endtime="20231122 02:14:58.877"/>
</kw>
<kw name="Should Contain" library="BuiltIn">
<arg>${result5}</arg>
<arg>${EXPECT4}</arg>
<doc>Fails if ``container`` does not contain ``item`` one or more times.</doc>
<status status="PASS" starttime="20231122 02:14:58.887" endtime="20231122 02:14:58.893"/>
</kw>
<status status="PASS" starttime="20231122 02:14:56.715" endtime="20231122 02:14:58.909"/>
</test>
<test id="s1-t16" name="16.Check price of the first item in cart" line="78">
<kw name="Get Text" library="SeleniumLibrary">
<var>${result6}</var>
<arg>xpath=/html/body/div[2]/div[1]/div[1]/div[3]</arg>
<doc>Returns the text value of the element identified by ``locator``.</doc>
<msg timestamp="20231122 02:15:01.052" level="INFO">${result6} = $400</msg>
<status status="PASS" starttime="20231122 02:14:58.929" endtime="20231122 02:15:01.052"/>
</kw>
<kw name="Should Contain" library="BuiltIn">
<arg>${result6}</arg>
<arg>${EXPECT5}</arg>
<doc>Fails if ``container`` does not contain ``item`` one or more times.</doc>
<status status="PASS" starttime="20231122 02:15:01.062" endtime="20231122 02:15:01.073"/>
</kw>
<status status="PASS" starttime="20231122 02:14:58.920" endtime="20231122 02:15:01.080"/>
</test>
<test id="s1-t17" name="17.Close cart list" line="82">
<kw name="Click Element" library="SeleniumLibrary">
<arg>xpath:/html/body/div[2]/div[2]/button[1]</arg>
<doc>Click the element identified by ``locator``.</doc>
<msg timestamp="20231122 02:15:01.119" level="INFO">Clicking element 'xpath:/html/body/div[2]/div[2]/button[1]'.</msg>
<status status="PASS" starttime="20231122 02:15:01.101" endtime="20231122 02:15:03.329"/>
</kw>
<status status="PASS" starttime="20231122 02:15:01.093" endtime="20231122 02:15:03.330"/>
</test>
<test id="s1-t18" name="18.Reopen cart list" line="85">
<kw name="Click Element" library="SeleniumLibrary">
<arg>xpath:/html/body/div[1]/header/div[2]</arg>
<doc>Click the element identified by ``locator``.</doc>
<msg timestamp="20231122 02:15:03.368" level="INFO">Clicking element 'xpath:/html/body/div[1]/header/div[2]'.</msg>
<status status="PASS" starttime="20231122 02:15:03.363" endtime="20231122 02:15:05.542"/>
</kw>
<status status="PASS" starttime="20231122 02:15:03.347" endtime="20231122 02:15:05.547"/>
</test>
<test id="s1-t19" name="19.Check out" line="88">
<kw name="Click Element" library="SeleniumLibrary">
<arg>xpath:/html/body/div[2]/div[2]/button[2]</arg>
<doc>Click the element identified by ``locator``.</doc>
<msg timestamp="20231122 02:15:05.590" level="INFO">Clicking element 'xpath:/html/body/div[2]/div[2]/button[2]'.</msg>
<status status="PASS" starttime="20231122 02:15:05.572" endtime="20231122 02:15:07.817"/>
</kw>
<status status="PASS" starttime="20231122 02:15:05.563" endtime="20231122 02:15:07.817"/>
</test>
<test id="s1-t20" name="20.Close the Browser" line="91">
<kw name="Close All Browsers" library="SeleniumLibrary">
<doc>Closes all open browsers and resets the browser cache.</doc>
<status status="PASS" starttime="20231122 02:15:07.837" endtime="20231122 02:15:11.144"/>
</kw>
<status status="PASS" starttime="20231122 02:15:07.832" endtime="20231122 02:15:11.151"/>
</test>
<status status="PASS" starttime="20231122 02:14:00.098" endtime="20231122 02:15:11.173"/>
</suite>
<statistics>
<total>
<stat pass="20" fail="0" skip="0">All Tests</stat>
</total>
<tag>
</tag>
<suite>
<stat pass="20" fail="0" skip="0" id="s1" name="Web Test">Web Test</stat>
</suite>
</statistics>
<errors>
</errors>
</robot>
