<?xml version="1.0" encoding="UTF-8"?>
<robot generator="Robot 6.1.1 (Python 3.11.6 on win32)" generated="20231121 19:39:33.746" rpa="false" schemaversion="4">
<suite id="s1" name="Web Test" source="c:\Users\User\Documents\DES424_Project-1\web_test.robot">
<test id="s1-t1" name="1.Open Browser" line="17">
<kw name="Open Browser" library="SeleniumLibrary">
<arg>${url}</arg>
<arg>${browser}</arg>
<doc>Opens a new browser instance to the optional ``url``.</doc>
<msg timestamp="20231121 19:39:34.597" level="INFO">Opening browser 'chrome' to base url 'http://127.0.0.1:5500/index.html'.</msg>
<status status="PASS" starttime="20231121 19:39:34.590" endtime="20231121 19:39:37.267"/>
</kw>
<kw name="Set Selenium Speed" library="SeleniumLibrary">
<arg>1</arg>
<doc>Sets the delay that is waited after each Selenium command.</doc>
<status status="PASS" starttime="20231121 19:39:37.271" endtime="20231121 19:39:37.275"/>
</kw>
<status status="PASS" starttime="20231121 19:39:34.586" endtime="20231121 19:39:37.279"/>
</test>
<test id="s1-t2" name="2.choose table" line="21">
<kw name="Click Element" library="SeleniumLibrary">
<arg>xpath:/html/body/div[1]/header/form/select</arg>
<doc>Click the element identified by ``locator``.</doc>
<msg timestamp="20231121 19:39:37.291" level="INFO">Clicking element 'xpath:/html/body/div[1]/header/form/select'.</msg>
<status status="PASS" starttime="20231121 19:39:37.288" endtime="20231121 19:39:39.401"/>
</kw>
<kw name="Click Element" library="SeleniumLibrary">
<arg>xpath:/html/body/div[1]/header/form/select/option[3]</arg>
<doc>Click the element identified by ``locator``.</doc>
<msg timestamp="20231121 19:39:39.407" level="INFO">Clicking element 'xpath:/html/body/div[1]/header/form/select/option[3]'.</msg>
<status status="PASS" starttime="20231121 19:39:39.403" endtime="20231121 19:39:41.482"/>
</kw>
<status status="PASS" starttime="20231121 19:39:37.284" endtime="20231121 19:39:41.485"/>
</test>
<test id="s1-t3" name="3.click menu bar : Food" line="25">
<kw name="Click Element" library="SeleniumLibrary">
<arg>xpath:/html/body/div[1]/div[1]/a[1]</arg>
<doc>Click the element identified by ``locator``.</doc>
<msg timestamp="20231121 19:39:41.497" level="INFO">Clicking element 'xpath:/html/body/div[1]/div[1]/a[1]'.</msg>
<status status="PASS" starttime="20231121 19:39:41.494" endtime="20231121 19:39:43.602"/>
</kw>
<status status="PASS" starttime="20231121 19:39:41.490" endtime="20231121 19:39:43.604"/>
</test>
<test id="s1-t4" name="4.Check first food name" line="28">
<kw name="Get Text" library="SeleniumLibrary">
<var>${result1}</var>
<arg>xpath=/html/body/div[1]/div[2]/div[1]/h2</arg>
<doc>Returns the text value of the element identified by ``locator``.</doc>
<msg timestamp="20231121 19:39:45.662" level="INFO">${result1} = Food2</msg>
<status status="PASS" starttime="20231121 19:39:43.610" endtime="20231121 19:39:45.662"/>
</kw>
<kw name="Log To Console" library="BuiltIn">
<arg>${result1}</arg>
<doc>Logs the given message to the console.</doc>
<status status="PASS" starttime="20231121 19:39:45.664" endtime="20231121 19:39:45.668"/>
</kw>
<kw name="Should Contain" library="BuiltIn">
<arg>${result1}</arg>
<arg>${EXPECT1}</arg>
<doc>Fails if ``container`` does not contain ``item`` one or more times.</doc>
<status status="PASS" starttime="20231121 19:39:45.670" endtime="20231121 19:39:45.675"/>
</kw>
<status status="PASS" starttime="20231121 19:39:43.607" endtime="20231121 19:39:45.676"/>
</test>
<test id="s1-t5" name="5.Add menu 1 and 2" line="33">
<kw name="Click Element" library="SeleniumLibrary">
<arg>xpath:/html/body/div[1]/div[2]/div[1]/button</arg>
<doc>Click the element identified by ``locator``.</doc>
<msg timestamp="20231121 19:39:45.685" level="INFO">Clicking element 'xpath:/html/body/div[1]/div[2]/div[1]/button'.</msg>
<status status="PASS" starttime="20231121 19:39:45.684" endtime="20231121 19:39:47.757"/>
</kw>
<kw name="Click Element" library="SeleniumLibrary">
<arg>xpath:/html/body/div[1]/div[2]/div[2]/button</arg>
<doc>Click the element identified by ``locator``.</doc>
<msg timestamp="20231121 19:39:47.762" level="INFO">Clicking element 'xpath:/html/body/div[1]/div[2]/div[2]/button'.</msg>
<status status="PASS" starttime="20231121 19:39:47.760" endtime="20231121 19:39:49.829"/>
</kw>
<status status="PASS" starttime="20231121 19:39:45.681" endtime="20231121 19:39:49.833"/>
</test>
<test id="s1-t6" name="6.click menu bar : Drinks" line="37">
<kw name="Click Element" library="SeleniumLibrary">
<arg>xpath:/html/body/div[1]/div[1]/a[2]</arg>
<doc>Click the element identified by ``locator``.</doc>
<msg timestamp="20231121 19:39:49.842" level="INFO">Clicking element 'xpath:/html/body/div[1]/div[1]/a[2]'.</msg>
<status status="PASS" starttime="20231121 19:39:49.841" endtime="20231121 19:39:51.925"/>
</kw>
<status status="PASS" starttime="20231121 19:39:49.838" endtime="20231121 19:39:51.928"/>
</test>
<test id="s1-t7" name="7.Check first drink name" line="40">
<kw name="Get Text" library="SeleniumLibrary">
<var>${result2}</var>
<arg>xpath=/html/body/div[1]/div[2]/div/h2</arg>
<doc>Returns the text value of the element identified by ``locator``.</doc>
<msg timestamp="20231121 19:39:53.978" level="INFO">${result2} = Food9</msg>
<status status="PASS" starttime="20231121 19:39:51.935" endtime="20231121 19:39:53.979"/>
</kw>
<kw name="Log To Console" library="BuiltIn">
<arg>${result2}</arg>
<doc>Logs the given message to the console.</doc>
<status status="PASS" starttime="20231121 19:39:53.980" endtime="20231121 19:39:53.983"/>
</kw>
<kw name="Should Contain" library="BuiltIn">
<arg>${result2}</arg>
<arg>${EXPECT2}</arg>
<doc>Fails if ``container`` does not contain ``item`` one or more times.</doc>
<status status="PASS" starttime="20231121 19:39:53.984" endtime="20231121 19:39:53.986"/>
</kw>
<status status="PASS" starttime="20231121 19:39:51.932" endtime="20231121 19:39:53.994"/>
</test>
<test id="s1-t8" name="8.Add menu 1" line="45">
<kw name="Click Element" library="SeleniumLibrary">
<arg>xpath:/html/body/div[1]/div[2]/div[1]/button</arg>
<doc>Click the element identified by ``locator``.</doc>
<msg timestamp="20231121 19:39:54.057" level="INFO">Clicking element 'xpath:/html/body/div[1]/div[2]/div[1]/button'.</msg>
<status status="PASS" starttime="20231121 19:39:54.053" endtime="20231121 19:39:56.148"/>
</kw>
<status status="PASS" starttime="20231121 19:39:54.049" endtime="20231121 19:39:56.150"/>
</test>
<test id="s1-t9" name="9.click menu bar : Desserts" line="48">
<kw name="Click Element" library="SeleniumLibrary">
<arg>xpath:/html/body/div[1]/div[1]/a[3]</arg>
<doc>Click the element identified by ``locator``.</doc>
<msg timestamp="20231121 19:39:56.163" level="INFO">Clicking element 'xpath:/html/body/div[1]/div[1]/a[3]'.</msg>
<status status="PASS" starttime="20231121 19:39:56.161" endtime="20231121 19:39:58.263"/>
</kw>
<status status="PASS" starttime="20231121 19:39:56.158" endtime="20231121 19:39:58.265"/>
</test>
<test id="s1-t10" name="10.Check first dessert name" line="51">
<kw name="Get Text" library="SeleniumLibrary">
<var>${result3}</var>
<arg>xpath=/html/body/div[1]/div[2]/div[1]/h2</arg>
<doc>Returns the text value of the element identified by ``locator``.</doc>
<msg timestamp="20231121 19:40:00.304" level="INFO">${result3} = Food1</msg>
<status status="PASS" starttime="20231121 19:39:58.271" endtime="20231121 19:40:00.305"/>
</kw>
<kw name="Log To Console" library="BuiltIn">
<arg>${result3}</arg>
<doc>Logs the given message to the console.</doc>
<status status="PASS" starttime="20231121 19:40:00.306" endtime="20231121 19:40:00.308"/>
</kw>
<kw name="Should Contain" library="BuiltIn">
<arg>${result3}</arg>
<arg>${EXPECT3}</arg>
<doc>Fails if ``container`` does not contain ``item`` one or more times.</doc>
<status status="PASS" starttime="20231121 19:40:00.312" endtime="20231121 19:40:00.314"/>
</kw>
<status status="PASS" starttime="20231121 19:39:58.269" endtime="20231121 19:40:00.317"/>
</test>
<test id="s1-t11" name="11.Add menu 1 and 2" line="56">
<kw name="Click Element" library="SeleniumLibrary">
<arg>xpath:/html/body/div[1]/div[2]/div[1]/button</arg>
<doc>Click the element identified by ``locator``.</doc>
<msg timestamp="20231121 19:40:00.327" level="INFO">Clicking element 'xpath:/html/body/div[1]/div[2]/div[1]/button'.</msg>
<status status="PASS" starttime="20231121 19:40:00.325" endtime="20231121 19:40:02.406"/>
</kw>
<kw name="Click Element" library="SeleniumLibrary">
<arg>xpath:/html/body/div[1]/div[2]/div[2]/button</arg>
<doc>Click the element identified by ``locator``.</doc>
<msg timestamp="20231121 19:40:02.412" level="INFO">Clicking element 'xpath:/html/body/div[1]/div[2]/div[2]/button'.</msg>
<status status="PASS" starttime="20231121 19:40:02.408" endtime="20231121 19:40:04.492"/>
</kw>
<status status="PASS" starttime="20231121 19:40:00.321" endtime="20231121 19:40:04.494"/>
</test>
<test id="s1-t12" name="12.Go to cart list" line="60">
<kw name="Click Element" library="SeleniumLibrary">
<arg>xpath:/html/body/div[1]/header/div[2]</arg>
<doc>Click the element identified by ``locator``.</doc>
<msg timestamp="20231121 19:40:04.506" level="INFO">Clicking element 'xpath:/html/body/div[1]/header/div[2]'.</msg>
<status status="PASS" starttime="20231121 19:40:04.504" endtime="20231121 19:40:06.573"/>
</kw>
<status status="PASS" starttime="20231121 19:40:04.500" endtime="20231121 19:40:06.579"/>
</test>
<test id="s1-t13" name="13.Check added menu names in cart" line="63">
<for flavor="IN">
<var>${expected}</var>
<value>@{expected_values}</value>
<iter>
<var name="${expected}">Food2</var>
<kw name="Set Variable" library="BuiltIn">
<var>${xpath}</var>
<arg>xpath=/html/body/div[2]/div</arg>
<doc>Returns the given values which can then be assigned to a variables.</doc>
<msg timestamp="20231121 19:40:06.596" level="INFO">${xpath} = xpath=/html/body/div[2]/div</msg>
<status status="PASS" starttime="20231121 19:40:06.594" endtime="20231121 19:40:06.596"/>
</kw>
<kw name="Get Text" library="SeleniumLibrary">
<var>${result4}</var>
<arg>${xpath}</arg>
<doc>Returns the text value of the element identified by ``locator``.</doc>
<msg timestamp="20231121 19:40:08.642" level="INFO">${result4} = Food2
$250
&lt; 1 &gt;
Food3
$290
&lt; 1 &gt;
Food9
$200
&lt; 1 &gt;
Food1
$200
&lt; 1 &gt;
Food4
$200
&lt; 1 &gt;</msg>
<status status="PASS" starttime="20231121 19:40:06.598" endtime="20231121 19:40:08.642"/>
</kw>
<kw name="Log To Console" library="BuiltIn">
<arg>${result4}</arg>
<doc>Logs the given message to the console.</doc>
<status status="PASS" starttime="20231121 19:40:08.643" endtime="20231121 19:40:08.646"/>
</kw>
<kw name="Should Contain" library="BuiltIn">
<arg>${result4}</arg>
<arg>${expected}</arg>
<doc>Fails if ``container`` does not contain ``item`` one or more times.</doc>
<status status="PASS" starttime="20231121 19:40:08.648" endtime="20231121 19:40:08.650"/>
</kw>
<status status="PASS" starttime="20231121 19:40:06.593" endtime="20231121 19:40:08.651"/>
</iter>
<iter>
<var name="${expected}">Food3</var>
<kw name="Set Variable" library="BuiltIn">
<var>${xpath}</var>
<arg>xpath=/html/body/div[2]/div</arg>
<doc>Returns the given values which can then be assigned to a variables.</doc>
<msg timestamp="20231121 19:40:08.653" level="INFO">${xpath} = xpath=/html/body/div[2]/div</msg>
<status status="PASS" starttime="20231121 19:40:08.652" endtime="20231121 19:40:08.653"/>
</kw>
<kw name="Get Text" library="SeleniumLibrary">
<var>${result4}</var>
<arg>${xpath}</arg>
<doc>Returns the text value of the element identified by ``locator``.</doc>
<msg timestamp="20231121 19:40:10.698" level="INFO">${result4} = Food2
$250
&lt; 1 &gt;
Food3
$290
&lt; 1 &gt;
Food9
$200
&lt; 1 &gt;
Food1
$200
&lt; 1 &gt;
Food4
$200
&lt; 1 &gt;</msg>
<status status="PASS" starttime="20231121 19:40:08.654" endtime="20231121 19:40:10.698"/>
</kw>
<kw name="Log To Console" library="BuiltIn">
<arg>${result4}</arg>
<doc>Logs the given message to the console.</doc>
<status status="PASS" starttime="20231121 19:40:10.700" endtime="20231121 19:40:10.705"/>
</kw>
<kw name="Should Contain" library="BuiltIn">
<arg>${result4}</arg>
<arg>${expected}</arg>
<doc>Fails if ``container`` does not contain ``item`` one or more times.</doc>
<status status="PASS" starttime="20231121 19:40:10.706" endtime="20231121 19:40:10.708"/>
</kw>
<status status="PASS" starttime="20231121 19:40:08.651" endtime="20231121 19:40:10.709"/>
</iter>
<iter>
<var name="${expected}">Food9</var>
<kw name="Set Variable" library="BuiltIn">
<var>${xpath}</var>
<arg>xpath=/html/body/div[2]/div</arg>
<doc>Returns the given values which can then be assigned to a variables.</doc>
<msg timestamp="20231121 19:40:10.711" level="INFO">${xpath} = xpath=/html/body/div[2]/div</msg>
<status status="PASS" starttime="20231121 19:40:10.710" endtime="20231121 19:40:10.712"/>
</kw>
<kw name="Get Text" library="SeleniumLibrary">
<var>${result4}</var>
<arg>${xpath}</arg>
<doc>Returns the text value of the element identified by ``locator``.</doc>
<msg timestamp="20231121 19:40:12.760" level="INFO">${result4} = Food2
$250
&lt; 1 &gt;
Food3
$290
&lt; 1 &gt;
Food9
$200
&lt; 1 &gt;
Food1
$200
&lt; 1 &gt;
Food4
$200
&lt; 1 &gt;</msg>
<status status="PASS" starttime="20231121 19:40:10.712" endtime="20231121 19:40:12.762"/>
</kw>
<kw name="Log To Console" library="BuiltIn">
<arg>${result4}</arg>
<doc>Logs the given message to the console.</doc>
<status status="PASS" starttime="20231121 19:40:12.765" endtime="20231121 19:40:12.774"/>
</kw>
<kw name="Should Contain" library="BuiltIn">
<arg>${result4}</arg>
<arg>${expected}</arg>
<doc>Fails if ``container`` does not contain ``item`` one or more times.</doc>
<status status="PASS" starttime="20231121 19:40:12.775" endtime="20231121 19:40:12.776"/>
</kw>
<status status="PASS" starttime="20231121 19:40:10.709" endtime="20231121 19:40:12.777"/>
</iter>
<iter>
<var name="${expected}">Food1</var>
<kw name="Set Variable" library="BuiltIn">
<var>${xpath}</var>
<arg>xpath=/html/body/div[2]/div</arg>
<doc>Returns the given values which can then be assigned to a variables.</doc>
<msg timestamp="20231121 19:40:12.779" level="INFO">${xpath} = xpath=/html/body/div[2]/div</msg>
<status status="PASS" starttime="20231121 19:40:12.778" endtime="20231121 19:40:12.780"/>
</kw>
<kw name="Get Text" library="SeleniumLibrary">
<var>${result4}</var>
<arg>${xpath}</arg>
<doc>Returns the text value of the element identified by ``locator``.</doc>
<msg timestamp="20231121 19:40:14.830" level="INFO">${result4} = Food2
$250
&lt; 1 &gt;
Food3
$290
&lt; 1 &gt;
Food9
$200
&lt; 1 &gt;
Food1
$200
&lt; 1 &gt;
Food4
$200
&lt; 1 &gt;</msg>
<status status="PASS" starttime="20231121 19:40:12.780" endtime="20231121 19:40:14.831"/>
</kw>
<kw name="Log To Console" library="BuiltIn">
<arg>${result4}</arg>
<doc>Logs the given message to the console.</doc>
<status status="PASS" starttime="20231121 19:40:14.832" endtime="20231121 19:40:14.838"/>
</kw>
<kw name="Should Contain" library="BuiltIn">
<arg>${result4}</arg>
<arg>${expected}</arg>
<doc>Fails if ``container`` does not contain ``item`` one or more times.</doc>
<status status="PASS" starttime="20231121 19:40:14.839" endtime="20231121 19:40:14.841"/>
</kw>
<status status="PASS" starttime="20231121 19:40:12.777" endtime="20231121 19:40:14.841"/>
</iter>
<iter>
<var name="${expected}">Food4</var>
<kw name="Set Variable" library="BuiltIn">
<var>${xpath}</var>
<arg>xpath=/html/body/div[2]/div</arg>
<doc>Returns the given values which can then be assigned to a variables.</doc>
<msg timestamp="20231121 19:40:14.844" level="INFO">${xpath} = xpath=/html/body/div[2]/div</msg>
<status status="PASS" starttime="20231121 19:40:14.843" endtime="20231121 19:40:14.844"/>
</kw>
<kw name="Get Text" library="SeleniumLibrary">
<var>${result4}</var>
<arg>${xpath}</arg>
<doc>Returns the text value of the element identified by ``locator``.</doc>
<msg timestamp="20231121 19:40:16.890" level="INFO">${result4} = Food2
$250
&lt; 1 &gt;
Food3
$290
&lt; 1 &gt;
Food9
$200
&lt; 1 &gt;
Food1
$200
&lt; 1 &gt;
Food4
$200
&lt; 1 &gt;</msg>
<status status="PASS" starttime="20231121 19:40:14.844" endtime="20231121 19:40:16.892"/>
</kw>
<kw name="Log To Console" library="BuiltIn">
<arg>${result4}</arg>
<doc>Logs the given message to the console.</doc>
<status status="PASS" starttime="20231121 19:40:16.893" endtime="20231121 19:40:16.899"/>
</kw>
<kw name="Should Contain" library="BuiltIn">
<arg>${result4}</arg>
<arg>${expected}</arg>
<doc>Fails if ``container`` does not contain ``item`` one or more times.</doc>
<status status="PASS" starttime="20231121 19:40:16.900" endtime="20231121 19:40:16.902"/>
</kw>
<status status="PASS" starttime="20231121 19:40:14.842" endtime="20231121 19:40:16.903"/>
</iter>
<status status="PASS" starttime="20231121 19:40:06.591" endtime="20231121 19:40:16.903"/>
</for>
<status status="PASS" starttime="20231121 19:40:06.587" endtime="20231121 19:40:16.907"/>
</test>
<test id="s1-t14" name="14.Add quantity of the firt item in cart" line="71">
<kw name="Click Element" library="SeleniumLibrary">
<arg>xpath:/html/body/div[2]/div[1]/div[1]/div[4]/span[3]</arg>
<doc>Click the element identified by ``locator``.</doc>
<msg timestamp="20231121 19:40:16.919" level="INFO">Clicking element 'xpath:/html/body/div[2]/div[1]/div[1]/div[4]/span[3]'.</msg>
<status status="PASS" starttime="20231121 19:40:16.917" endtime="20231121 19:40:18.996"/>
</kw>
<status status="PASS" starttime="20231121 19:40:16.914" endtime="20231121 19:40:19.000"/>
</test>
<test id="s1-t15" name="15.Check quantity of the first item in cart" line="74">
<kw name="Get Text" library="SeleniumLibrary">
<var>${result5}</var>
<arg>xpath=/html/body/div[2]/div[1]/div/div[4]/span[2]</arg>
<doc>Returns the text value of the element identified by ``locator``.</doc>
<msg timestamp="20231121 19:40:21.045" level="INFO">${result5} = 2</msg>
<status status="PASS" starttime="20231121 19:40:19.008" endtime="20231121 19:40:21.046"/>
</kw>
<kw name="Log To Console" library="BuiltIn">
<arg>${result5}</arg>
<doc>Logs the given message to the console.</doc>
<status status="PASS" starttime="20231121 19:40:21.047" endtime="20231121 19:40:21.049"/>
</kw>
<kw name="Should Contain" library="BuiltIn">
<arg>${result5}</arg>
<arg>${EXPECT4}</arg>
<doc>Fails if ``container`` does not contain ``item`` one or more times.</doc>
<status status="PASS" starttime="20231121 19:40:21.052" endtime="20231121 19:40:21.053"/>
</kw>
<status status="PASS" starttime="20231121 19:40:19.004" endtime="20231121 19:40:21.055"/>
</test>
<test id="s1-t16" name="16.Check price of the first item in cart" line="79">
<kw name="Get Text" library="SeleniumLibrary">
<var>${result6}</var>
<arg>xpath=/html/body/div[2]/div[1]/div[1]/div[3]</arg>
<doc>Returns the text value of the element identified by ``locator``.</doc>
<msg timestamp="20231121 19:40:23.097" level="INFO">${result6} = $500</msg>
<status status="PASS" starttime="20231121 19:40:21.063" endtime="20231121 19:40:23.098"/>
</kw>
<kw name="Should Contain" library="BuiltIn">
<arg>${result6}</arg>
<arg>${EXPECT5}</arg>
<doc>Fails if ``container`` does not contain ``item`` one or more times.</doc>
<status status="PASS" starttime="20231121 19:40:23.099" endtime="20231121 19:40:23.102"/>
</kw>
<status status="PASS" starttime="20231121 19:40:21.059" endtime="20231121 19:40:23.104"/>
</test>
<test id="s1-t17" name="17.Close cart list" line="83">
<kw name="Click Element" library="SeleniumLibrary">
<arg>xpath:/html/body/div[2]/div[2]/button[1]</arg>
<doc>Click the element identified by ``locator``.</doc>
<msg timestamp="20231121 19:40:23.113" level="INFO">Clicking element 'xpath:/html/body/div[2]/div[2]/button[1]'.</msg>
<status status="PASS" starttime="20231121 19:40:23.111" endtime="20231121 19:40:25.186"/>
</kw>
<status status="PASS" starttime="20231121 19:40:23.108" endtime="20231121 19:40:25.191"/>
</test>
<test id="s1-t18" name="18.Reopen cart list" line="86">
<kw name="Click Element" library="SeleniumLibrary">
<arg>xpath:/html/body/div[1]/header/div[2]</arg>
<doc>Click the element identified by ``locator``.</doc>
<msg timestamp="20231121 19:40:25.209" level="INFO">Clicking element 'xpath:/html/body/div[1]/header/div[2]'.</msg>
<status status="PASS" starttime="20231121 19:40:25.207" endtime="20231121 19:40:27.269"/>
</kw>
<status status="PASS" starttime="20231121 19:40:25.203" endtime="20231121 19:40:27.274"/>
</test>
<test id="s1-t19" name="19.Check out" line="89">
<kw name="Click Element" library="SeleniumLibrary">
<arg>xpath:/html/body/div[2]/div[2]/button[2]</arg>
<doc>Click the element identified by ``locator``.</doc>
<msg timestamp="20231121 19:40:27.288" level="INFO">Clicking element 'xpath:/html/body/div[2]/div[2]/button[2]'.</msg>
<status status="PASS" starttime="20231121 19:40:27.286" endtime="20231121 19:40:29.364"/>
</kw>
<status status="PASS" starttime="20231121 19:40:27.282" endtime="20231121 19:40:29.367"/>
</test>
<test id="s1-t20" name="20.Close the Browser" line="92">
<kw name="Close All Browsers" library="SeleniumLibrary">
<doc>Closes all open browsers and resets the browser cache.</doc>
<status status="PASS" starttime="20231121 19:40:29.374" endtime="20231121 19:40:32.584"/>
</kw>
<status status="PASS" starttime="20231121 19:40:29.372" endtime="20231121 19:40:32.588"/>
</test>
<status status="PASS" starttime="20231121 19:39:33.773" endtime="20231121 19:40:32.594"/>
</suite>
<statistics>
<total>
<stat pass="20" fail="0" skip="0">All Tests</stat>
</total>
<tag>
</tag>
<suite>
<stat pass="20" fail="0" skip="0" id="s1" name="Web Test">Web Test</stat>
</suite>
</statistics>
<errors>
</errors>
</robot>
